# JRE version: OpenJDK Runtime Environment (21.0.6) (build 21.0.6+-13355223-b631.42)
# Java VM: OpenJDK 64-Bit Server VM (21.0.6+-13355223-b631.42, mixed mode, tiered, compressed oops, compressed class ptrs, g1 gc, windows-amd64)
GC Precious Log:
 CardTable entry size: 512
 Card Set container configuration: InlinePtr #cards 5 size 8 Array Of Cards #cards 12 size 40 Howl #buckets 4 coarsen threshold 1843 Howl Bitmap #cards 512 size 80 coarsen threshold 460 Card regions per heap region 1 cards per card region 2048
 CPUs: 12 total, 12 available
 Memory: 6005M
 Large Page Support: Disabled
 NUMA Support: Disabled
 Compressed Oops: Enabled (32-bit)
 Heap Region Size: 1M
 Heap Min Capacity: 8M
 Heap Initial Capacity: 94M
 Heap Max Capacity: 2G
 Pre-touch: Disabled
 Parallel Workers: 10
 Concurrent Workers: 3
 Concurrent Refinement Workers: 10
 Periodic GC: Disabled
Heap:
 garbage-first heap   total 362496K, used 236217K [0x0000000080000000, 0x0000000100000000)
  region size 1024K, 16 young (16384K), 16 survivors (16384K)
 Metaspace       used 156682K, committed 158016K, reserved 1245184K
  class space    used 20563K, committed 21184K, reserved 1048576K
GC Heap History (20 events):
Event: 5762.609 GC heap after
{Heap after GC invocations=57 (full 0):
 garbage-first heap   total 319488K, used 203978K [0x0000000080000000, 0x0000000100000000)
  region size 1024K, 4 young (4096K), 4 survivors (4096K)
 Metaspace       used 140280K, committed 142272K, reserved 1179648K
  class space    used 18479K, committed 19776K, reserved 1048576K
}
Event: 5764.540 GC heap before
{Heap before GC invocations=58 (full 0):
 garbage-first heap   total 347136K, used 323786K [0x0000000080000000, 0x0000000100000000)
  region size 1024K, 94 young (96256K), 4 survivors (4096K)
 Metaspace       used 144836K, committed 146432K, reserved 1179648K
  class space    used 18979K, committed 19840K, reserved 1048576K
}
Event: 5764.545 GC heap after
{Heap after GC invocations=59 (full 0):
 garbage-first heap   total 347136K, used 204825K [0x0000000080000000, 0x0000000100000000)
  region size 1024K, 5 young (5120K), 5 survivors (5120K)
 Metaspace       used 144836K, committed 146432K, reserved 1179648K
  class space    used 18979K, committed 19840K, reserved 1048576K
}
Event: 5766.244 GC heap before
{Heap before GC invocations=59 (full 0):
 garbage-first heap   total 347136K, used 321561K [0x0000000080000000, 0x0000000100000000)
  region size 1024K, 120 young (122880K), 5 survivors (5120K)
 Metaspace       used 148930K, committed 150400K, reserved 1179648K
  class space    used 19447K, committed 20160K, reserved 1048576K
}
Event: 5766.254 GC heap after
{Heap after GC invocations=60 (full 0):
 garbage-first heap   total 347136K, used 207256K [0x0000000080000000, 0x0000000100000000)
  region size 1024K, 12 young (12288K), 12 survivors (12288K)
 Metaspace       used 148930K, committed 150400K, reserved 1179648K
  class space    used 19447K, committed 20160K, reserved 1048576K
}
Event: 5780.261 GC heap before
{Heap before GC invocations=60 (full 0):
 garbage-first heap   total 347136K, used 314776K [0x0000000080000000, 0x0000000100000000)
  region size 1024K, 118 young (120832K), 12 survivors (12288K)
 Metaspace       used 150561K, committed 152064K, reserved 1245184K
  class space    used 19672K, committed 20416K, reserved 1048576K
}
Event: 5780.378 GC heap after
{Heap after GC invocations=61 (full 0):
 garbage-first heap   total 350208K, used 193792K [0x0000000080000000, 0x0000000100000000)
  region size 1024K, 13 young (13312K), 13 survivors (13312K)
 Metaspace       used 150561K, committed 152064K, reserved 1245184K
  class space    used 19672K, committed 20416K, reserved 1048576K
}
Event: 5780.488 GC heap before
{Heap before GC invocations=61 (full 0):
 garbage-first heap   total 350208K, used 315648K [0x0000000080000000, 0x0000000100000000)
  region size 1024K, 133 young (136192K), 13 survivors (13312K)
 Metaspace       used 150581K, committed 152128K, reserved 1245184K
  class space    used 19676K, committed 20416K, reserved 1048576K
}
Event: 5780.510 GC heap after
{Heap after GC invocations=62 (full 0):
 garbage-first heap   total 350208K, used 196053K [0x0000000080000000, 0x0000000100000000)
  region size 1024K, 7 young (7168K), 7 survivors (7168K)
 Metaspace       used 150581K, committed 152128K, reserved 1245184K
  class space    used 19676K, committed 20416K, reserved 1048576K
}
Event: 5784.453 GC heap before
{Heap before GC invocations=63 (full 0):
 garbage-first heap   total 350208K, used 323029K [0x0000000080000000, 0x0000000100000000)
  region size 1024K, 132 young (135168K), 7 survivors (7168K)
 Metaspace       used 150091K, committed 152128K, reserved 1245184K
  class space    used 19556K, committed 20416K, reserved 1048576K
}
Event: 5784.459 GC heap after
{Heap after GC invocations=64 (full 0):
 garbage-first heap   total 350208K, used 195029K [0x0000000080000000, 0x0000000100000000)
  region size 1024K, 6 young (6144K), 6 survivors (6144K)
 Metaspace       used 150091K, committed 152128K, reserved 1245184K
  class space    used 19556K, committed 20416K, reserved 1048576K
}
Event: 5784.679 GC heap before
{Heap before GC invocations=64 (full 0):
 garbage-first heap   total 350208K, used 324053K [0x0000000080000000, 0x0000000100000000)
  region size 1024K, 133 young (136192K), 6 survivors (6144K)
 Metaspace       used 150115K, committed 152128K, reserved 1245184K
  class space    used 19556K, committed 20416K, reserved 1048576K
}
Event: 5784.690 GC heap after
{Heap after GC invocations=65 (full 0):
 garbage-first heap   total 350208K, used 191777K [0x0000000080000000, 0x0000000100000000)
  region size 1024K, 6 young (6144K), 6 survivors (6144K)
 Metaspace       used 150115K, committed 152128K, reserved 1245184K
  class space    used 19556K, committed 20416K, reserved 1048576K
}
Event: 5785.071 GC heap before
{Heap before GC invocations=65 (full 0):
 garbage-first heap   total 350208K, used 323873K [0x0000000080000000, 0x0000000100000000)
  region size 1024K, 136 young (139264K), 6 survivors (6144K)
 Metaspace       used 150141K, committed 152128K, reserved 1245184K
  class space    used 19556K, committed 20416K, reserved 1048576K
}
Event: 5785.079 GC heap after
{Heap after GC invocations=66 (full 0):
 garbage-first heap   total 350208K, used 192875K [0x0000000080000000, 0x0000000100000000)
  region size 1024K, 7 young (7168K), 7 survivors (7168K)
 Metaspace       used 150141K, committed 152128K, reserved 1245184K
  class space    used 19556K, committed 20416K, reserved 1048576K
}
Event: 5786.343 GC heap before
{Heap before GC invocations=67 (full 0):
 garbage-first heap   total 350208K, used 322923K [0x0000000080000000, 0x0000000100000000)
  region size 1024K, 135 young (138240K), 7 survivors (7168K)
 Metaspace       used 150613K, committed 152320K, reserved 1245184K
  class space    used 19608K, committed 20416K, reserved 1048576K
}
Event: 5786.352 GC heap after
{Heap after GC invocations=68 (full 0):
 garbage-first heap   total 350208K, used 195394K [0x0000000080000000, 0x0000000100000000)
  region size 1024K, 9 young (9216K), 9 survivors (9216K)
 Metaspace       used 150613K, committed 152320K, reserved 1245184K
  class space    used 19608K, committed 20416K, reserved 1048576K
}
Event: 5786.634 GC heap before
{Heap before GC invocations=68 (full 0):
 garbage-first heap   total 350208K, used 321346K [0x0000000080000000, 0x0000000100000000)
  region size 1024K, 133 young (136192K), 9 survivors (9216K)
 Metaspace       used 152152K, committed 153472K, reserved 1245184K
  class space    used 19872K, committed 20544K, reserved 1048576K
}
Event: 5786.664 GC heap after
{Heap after GC invocations=69 (full 0):
 garbage-first heap   total 362496K, used 217671K [0x0000000080000000, 0x0000000100000000)
  region size 1024K, 17 young (17408K), 17 survivors (17408K)
 Metaspace       used 152152K, committed 153472K, reserved 1245184K
  class space    used 19872K, committed 20544K, reserved 1048576K
}
Event: 5787.382 GC heap before
{Heap before GC invocations=69 (full 0):
 garbage-first heap   total 362496K, used 324167K [0x0000000080000000, 0x0000000100000000)
  region size 1024K, 122 young (124928K), 17 survivors (17408K)
 Metaspace       used 156682K, committed 158016K, reserved 1245184K
  class space    used 20563K, committed 21184K, reserved 1048576K
}

